<?xml version="1.0" encoding="UTF-8"?>
<!-- Generated by org.testng.reporters.JUnitReportReporter -->
<testsuite hostname="Basandhya" failures="0" tests="1" name="com.aafalu.interview.solutions.seleniumexceptions.SeleniumElementNotInteractableException" time="3.946" errors="0" timestamp="2023-03-25T11:48:25 CDT" skipped="0">
  <testcase classname="com.aafalu.interview.solutions.seleniumexceptions.SeleniumElementNotInteractableException" name="testElementNotInteractableException" time="3.946"/>
  <system-out/>
</testsuite> <!-- com.aafalu.interview.solutions.seleniumexceptions.SeleniumElementNotInteractableException -->
